This file contains any messages produced by compilers while
running configure, to aid debugging if configure makes a mistake.

It was created by Open MPI configure 1.2.4, which was
generated by GNU Autoconf 2.61.  Invocation command line was

  $ ./configure --prefix=/home/joe/local --enable-mpirun-prefix-by-default --enable-static

## --------- ##
## Platform. ##
## --------- ##

hostname = mint-hsh
uname -m = x86_64
uname -r = 3.11.0-12-generic
uname -s = Linux
uname -v = #19-Ubuntu SMP Wed Oct 9 16:20:46 UTC 2013

/usr/bin/uname -p = unknown
/bin/uname -X     = unknown

/bin/arch              = unknown
/usr/bin/arch -k       = unknown
/usr/convex/getsysinfo = unknown
/usr/bin/hostinfo      = unknown
/bin/machine           = unknown
/usr/bin/oslevel       = unknown
/bin/universe          = unknown

PATH: /usr/local/sbin
PATH: /usr/local/bin
PATH: /usr/sbin
PATH: /usr/bin
PATH: /sbin
PATH: /bin
PATH: /usr/games
PATH: /usr/local/games


## ----------- ##
## Core tests. ##
## ----------- ##

configure:2986: checking for a BSD-compatible install
configure:3042: result: /usr/bin/install -c
configure:3053: checking whether build environment is sane
configure:3096: result: yes
configure:3124: checking for a thread-safe mkdir -p
configure:3163: result: /bin/mkdir -p
configure:3176: checking for gawk
configure:3192: found /usr/bin/gawk
configure:3203: result: gawk
configure:3214: checking whether make sets $(MAKE)
configure:3235: result: yes
configure:3544: checking Open MPI version
configure:3546: result: 1.2.4
configure:3548: checking Open MPI Subversion repository version
configure:3550: result: r16187
configure:3646: checking Open Run-Time Environment version
configure:3648: result: 1.2.4
configure:3650: checking Open Run-Time Environment Subversion repository version
configure:3652: result: r16187
configure:3748: checking Open Portable Access Layer version
configure:3750: result: 1.2.4
configure:3752: checking Open Portable Access Layer Subversion repository version
configure:3754: result: r16187
configure:3811: builddir: /home/nirant/adm-workspace/openmpi-1.2.4
configure:3813: srcdir: /home/nirant/adm-workspace/openmpi-1.2.4
configure:3835: checking build system type
configure:3853: result: x86_64-unknown-linux-gnu
configure:3895: checking host system type
configure:3910: result: x86_64-unknown-linux-gnu
configure:4101: checking Whether to run code coverage
configure:4128: result: no
configure:4138: checking whether to debug memory usage
configure:4150: result: no
configure:4170: checking whether to profile memory usage
configure:4182: result: no
configure:4202: checking if want developer-level compiler pickyness
configure:4214: result: no
configure:4229: checking if want developer-level debugging code
configure:4241: result: no
configure:4271: checking if want Fortran 77 bindings
configure:4279: result: yes
configure:4293: checking if want Fortran 90 bindings
configure:4301: result: yes
configure:4310: checking desired Fortran 90 bindings "size"
configure:4384: result: small
configure:4391: checking whether to enable PMPI
configure:4399: result: yes
configure:4416: checking if want C++ bindings
configure:4424: result: yes
configure:4433: checking if want MPI::SEEK_SET support
configure:4441: result: yes
configure:4459: checking if want to enable weak symbol support
configure:4467: result: yes
configure:4480: checking if want run-time MPI parameter checking
configure:4501: result: runtime
configure:4524: checking if want to install OMPI header files
configure:4537: result: no
configure:4553: checking if want pretty-print stacktrace
configure:4565: result: yes
configure:4578: checking if want deprecated executable names
configure:4590: result: no
configure:4608: checking if peruse support is required
configure:4620: result: no
configure:4643: checking max supported array dimension in F90 MPI bindings
configure:4658: result: 4
configure:4663: checking if pty support should be enabled
configure:4675: result: yes
configure:4688: checking if user wants dlopen support
configure:4703: result: yes
configure:4711: checking if heterogeneous support should be enabled
configure:4723: result: yes
configure:4737: checking if want trace file debugging
configure:4749: result: no
configure:4821: checking if want IPv6 support
configure:4833: result: yes (if underlying system supports it)
configure:4846: checking if want orterun "--prefix" behavior to be enabled by default
configure:4862: result: yes
configure:5085: checking for style of include used by make
configure:5113: result: GNU
configure:5188: checking for gcc
configure:5215: result: /home/joe/local/bin/gcc
configure:5453: checking for C compiler version
configure:5460: /home/joe/local/bin/gcc --version >&5
./configure: line 5461: /home/joe/local/bin/gcc: No such file or directory
configure:5463: $? = 127
configure:5470: /home/joe/local/bin/gcc -v >&5
./configure: line 5471: /home/joe/local/bin/gcc: No such file or directory
configure:5473: $? = 127
configure:5480: /home/joe/local/bin/gcc -V >&5
./configure: line 5481: /home/joe/local/bin/gcc: No such file or directory
configure:5483: $? = 127
configure:5506: checking for C compiler default output file name
configure:5533: /home/joe/local/bin/gcc -DNDEBUG   -L/home/joe/local/lib conftest.c  >&5
./configure: line 5534: /home/joe/local/bin/gcc: No such file or directory
configure:5536: $? = 127
configure:5574: result: 
configure: failed program was:
| /* confdefs.h.  */
| #define PACKAGE_NAME "Open MPI"
| #define PACKAGE_TARNAME "openmpi"
| #define PACKAGE_VERSION "1.2.4"
| #define PACKAGE_STRING "Open MPI 1.2.4"
| #define PACKAGE_BUGREPORT "http://www.open-mpi.org/community/help/"
| #define OMPI_MAJOR_VERSION 1
| #define OMPI_MINOR_VERSION 2
| #define OMPI_RELEASE_VERSION 4
| #define OMPI_GREEK_VERSION ""
| #define OMPI_VERSION "4"
| #define ORTE_MAJOR_VERSION 1
| #define ORTE_MINOR_VERSION 2
| #define ORTE_RELEASE_VERSION 4
| #define ORTE_GREEK_VERSION ""
| #define ORTE_VERSION "4"
| #define OPAL_MAJOR_VERSION 1
| #define OPAL_MINOR_VERSION 2
| #define OPAL_RELEASE_VERSION 4
| #define OPAL_GREEK_VERSION ""
| #define OPAL_VERSION "4"
| #define OMPI_ARCH "x86_64-unknown-linux-gnu"
| #define OMPI_ENABLE_MEM_DEBUG 0
| #define OMPI_ENABLE_MEM_PROFILE 0
| #define OMPI_ENABLE_DEBUG 0
| #define OMPI_WANT_MPI_CXX_SEEK 1
| #define MPI_PARAM_CHECK ompi_mpi_param_check
| #define OMPI_WANT_PRETTY_PRINT_STACKTRACE 1
| #define OMPI_WANT_PERUSE 0
| #define OMPI_ENABLE_PTY_SUPPORT 1
| #define OMPI_ENABLE_HETEROGENEOUS_SUPPORT 1
| #define OPAL_ENABLE_TRACE 0
| #define OPAL_ENABLE_IPV6 1
| #define ORTE_WANT_ORTERUN_PREFIX_BY_DEFAULT 1
| /* end confdefs.h.  */
| 
| int
| main ()
| {
| 
|   ;
|   return 0;
| }
configure:5581: error: C compiler cannot create executables
See `config.log' for more details.

## ---------------- ##
## Cache variables. ##
## ---------------- ##

ac_cv_build=x86_64-unknown-linux-gnu
ac_cv_env_CCASFLAGS_set=
ac_cv_env_CCASFLAGS_value=
ac_cv_env_CCAS_set=
ac_cv_env_CCAS_value=
ac_cv_env_CCC_set=
ac_cv_env_CCC_value=
ac_cv_env_CC_set=set
ac_cv_env_CC_value=/home/joe/local/bin/gcc
ac_cv_env_CFLAGS_set=
ac_cv_env_CFLAGS_value=
ac_cv_env_CPPFLAGS_set=
ac_cv_env_CPPFLAGS_value=
ac_cv_env_CPP_set=
ac_cv_env_CPP_value=
ac_cv_env_CXXCPP_set=
ac_cv_env_CXXCPP_value=
ac_cv_env_CXXFLAGS_set=
ac_cv_env_CXXFLAGS_value=
ac_cv_env_CXX_set=set
ac_cv_env_CXX_value=/home/joe/local/bin/g++
ac_cv_env_F77_set=set
ac_cv_env_F77_value=/home/joe/local/bin/gfortran
ac_cv_env_FCFLAGS_set=
ac_cv_env_FCFLAGS_value=
ac_cv_env_FC_set=set
ac_cv_env_FC_value=/home/joe/local/bin/gfortran
ac_cv_env_FFLAGS_set=
ac_cv_env_FFLAGS_value=
ac_cv_env_LDFLAGS_set=set
ac_cv_env_LDFLAGS_value=-L/home/joe/local/lib
ac_cv_env_LIBS_set=
ac_cv_env_LIBS_value=
ac_cv_env_OBJCFLAGS_set=
ac_cv_env_OBJCFLAGS_value=
ac_cv_env_OBJC_set=
ac_cv_env_OBJC_value=
ac_cv_env_build_alias_set=
ac_cv_env_build_alias_value=
ac_cv_env_host_alias_set=
ac_cv_env_host_alias_value=
ac_cv_env_target_alias_set=
ac_cv_env_target_alias_value=
ac_cv_host=x86_64-unknown-linux-gnu
ac_cv_path_install='/usr/bin/install -c'
ac_cv_path_mkdir=/bin/mkdir
ac_cv_prog_AWK=gawk
ac_cv_prog_ac_ct_CC=/home/joe/local/bin/gcc
ac_cv_prog_make_make_set=yes

## ----------------- ##
## Output variables. ##
## ----------------- ##

ACLOCAL='${SHELL} /home/nirant/adm-workspace/openmpi-1.2.4/config/missing --run aclocal-1.10'
AMDEPBACKSLASH='\'
AMDEP_FALSE='#'
AMDEP_TRUE=''
AMTAR='${SHELL} /home/nirant/adm-workspace/openmpi-1.2.4/config/missing --run tar'
AR=''
AUTOCONF='${SHELL} /home/nirant/adm-workspace/openmpi-1.2.4/config/missing --run autoconf'
AUTOHEADER='${SHELL} /home/nirant/adm-workspace/openmpi-1.2.4/config/missing --run autoheader'
AUTOMAKE='${SHELL} /home/nirant/adm-workspace/openmpi-1.2.4/config/missing --run automake-1.10'
AWK='gawk'
CASE_SENSITIVE_FS_FALSE=''
CASE_SENSITIVE_FS_TRUE=''
CC='/home/joe/local/bin/gcc'
CCAS=''
CCASDEPMODE=''
CCASFLAGS=''
CCDEPMODE=''
CFLAGS='-DNDEBUG '
CFLAGS_WITHOUT_OPTFLAGS=''
CLEANFILES='*~ .\#*'
COMPILE_PROFILING_SEPARATELY_FALSE=''
COMPILE_PROFILING_SEPARATELY_TRUE=''
CONFIGURE_DEPENDENCIES='$(top_srcdir)/VERSION'
CPP=''
CPPFLAGS=''
CXX='/home/joe/local/bin/g++'
CXXCPP=''
CXXCPPFLAGS=''
CXXDEPMODE=''
CXXFLAGS='-DNDEBUG '
CYGPATH_W='echo'
DEFS=''
DEPDIR='.deps'
DUMPBIN=''
ECHO_C=''
ECHO_N='-n'
ECHO_T=''
EGREP=''
EXEEXT=''
F77='/home/joe/local/bin/gfortran'
FC='/home/joe/local/bin/gfortran'
FCFLAGS=''
FCFLAGS_f90=''
FCFLAGS_f=''
FFLAGS=''
FGREP=''
GREP=''
INCLTDL=''
INSTALL_DATA='${INSTALL} -m 644'
INSTALL_PROGRAM='${INSTALL}'
INSTALL_SCRIPT='${INSTALL}'
INSTALL_STRIP_PROGRAM='$(install_sh) -c -s'
LD=''
LDFLAGS='-L/home/joe/local/lib'
LEX=''
LEXLIB=''
LEX_OUTPUT_ROOT=''
LIBLTDL=''
LIBLTDL_LTLIB=''
LIBLTDL_SUBDIR=''
LIBOBJS=''
LIBS=''
LIBTOOL=''
LN_S=''
LTDLINCL=''
LTLIBOBJS=''
MAKEINFO='${SHELL} /home/nirant/adm-workspace/openmpi-1.2.4/config/missing --run makeinfo'
MCA_PROJECT_SUBDIRS=''
MCA_allocator_ALL_COMPONENTS=''
MCA_allocator_ALL_SUBDIRS=''
MCA_allocator_DSO_COMPONENTS=''
MCA_allocator_DSO_SUBDIRS=''
MCA_allocator_STATIC_COMPONENTS=''
MCA_allocator_STATIC_LTLIBS=''
MCA_allocator_STATIC_SUBDIRS=''
MCA_backtrace_ALL_COMPONENTS=''
MCA_backtrace_ALL_SUBDIRS=''
MCA_backtrace_DSO_COMPONENTS=''
MCA_backtrace_DSO_SUBDIRS=''
MCA_backtrace_STATIC_COMPONENTS=''
MCA_backtrace_STATIC_LTLIBS=''
MCA_backtrace_STATIC_SUBDIRS=''
MCA_bml_ALL_COMPONENTS=''
MCA_bml_ALL_SUBDIRS=''
MCA_bml_DSO_COMPONENTS=''
MCA_bml_DSO_SUBDIRS=''
MCA_bml_STATIC_COMPONENTS=''
MCA_bml_STATIC_LTLIBS=''
MCA_bml_STATIC_SUBDIRS=''
MCA_btl_ALL_COMPONENTS=''
MCA_btl_ALL_SUBDIRS=''
MCA_btl_DSO_COMPONENTS=''
MCA_btl_DSO_SUBDIRS=''
MCA_btl_STATIC_COMPONENTS=''
MCA_btl_STATIC_LTLIBS=''
MCA_btl_STATIC_SUBDIRS=''
MCA_coll_ALL_COMPONENTS=''
MCA_coll_ALL_SUBDIRS=''
MCA_coll_DSO_COMPONENTS=''
MCA_coll_DSO_SUBDIRS=''
MCA_coll_STATIC_COMPONENTS=''
MCA_coll_STATIC_LTLIBS=''
MCA_coll_STATIC_SUBDIRS=''
MCA_common_ALL_COMPONENTS=''
MCA_common_ALL_SUBDIRS=''
MCA_common_DSO_COMPONENTS=''
MCA_common_DSO_SUBDIRS=''
MCA_common_STATIC_COMPONENTS=''
MCA_common_STATIC_LTLIBS=''
MCA_common_STATIC_SUBDIRS=''
MCA_errmgr_ALL_COMPONENTS=''
MCA_errmgr_ALL_SUBDIRS=''
MCA_errmgr_DSO_COMPONENTS=''
MCA_errmgr_DSO_SUBDIRS=''
MCA_errmgr_STATIC_COMPONENTS=''
MCA_errmgr_STATIC_LTLIBS=''
MCA_errmgr_STATIC_SUBDIRS=''
MCA_gpr_ALL_COMPONENTS=''
MCA_gpr_ALL_SUBDIRS=''
MCA_gpr_DSO_COMPONENTS=''
MCA_gpr_DSO_SUBDIRS=''
MCA_gpr_STATIC_COMPONENTS=''
MCA_gpr_STATIC_LTLIBS=''
MCA_gpr_STATIC_SUBDIRS=''
MCA_installdirs_ALL_COMPONENTS=''
MCA_installdirs_ALL_SUBDIRS=''
MCA_installdirs_DSO_COMPONENTS=''
MCA_installdirs_DSO_SUBDIRS=''
MCA_installdirs_STATIC_COMPONENTS=''
MCA_installdirs_STATIC_LTLIBS=''
MCA_installdirs_STATIC_SUBDIRS=''
MCA_io_ALL_COMPONENTS=''
MCA_io_ALL_SUBDIRS=''
MCA_io_DSO_COMPONENTS=''
MCA_io_DSO_SUBDIRS=''
MCA_io_STATIC_COMPONENTS=''
MCA_io_STATIC_LTLIBS=''
MCA_io_STATIC_SUBDIRS=''
MCA_io_romio_SHOULD_BUILD_FALSE=''
MCA_io_romio_SHOULD_BUILD_TRUE=''
MCA_iof_ALL_COMPONENTS=''
MCA_iof_ALL_SUBDIRS=''
MCA_iof_DSO_COMPONENTS=''
MCA_iof_DSO_SUBDIRS=''
MCA_iof_STATIC_COMPONENTS=''
MCA_iof_STATIC_LTLIBS=''
MCA_iof_STATIC_SUBDIRS=''
MCA_maffinity_ALL_COMPONENTS=''
MCA_maffinity_ALL_SUBDIRS=''
MCA_maffinity_DSO_COMPONENTS=''
MCA_maffinity_DSO_SUBDIRS=''
MCA_maffinity_STATIC_COMPONENTS=''
MCA_maffinity_STATIC_LTLIBS=''
MCA_maffinity_STATIC_SUBDIRS=''
MCA_memcpy_ALL_COMPONENTS=''
MCA_memcpy_ALL_SUBDIRS=''
MCA_memcpy_DSO_COMPONENTS=''
MCA_memcpy_DSO_SUBDIRS=''
MCA_memcpy_STATIC_COMPONENTS=''
MCA_memcpy_STATIC_LTLIBS=''
MCA_memcpy_STATIC_SUBDIRS=''
MCA_memory_ALL_COMPONENTS=''
MCA_memory_ALL_SUBDIRS=''
MCA_memory_DSO_COMPONENTS=''
MCA_memory_DSO_SUBDIRS=''
MCA_memory_STATIC_COMPONENTS=''
MCA_memory_STATIC_LTLIBS=''
MCA_memory_STATIC_SUBDIRS=''
MCA_mpool_ALL_COMPONENTS=''
MCA_mpool_ALL_SUBDIRS=''
MCA_mpool_DSO_COMPONENTS=''
MCA_mpool_DSO_SUBDIRS=''
MCA_mpool_STATIC_COMPONENTS=''
MCA_mpool_STATIC_LTLIBS=''
MCA_mpool_STATIC_SUBDIRS=''
MCA_mtl_ALL_COMPONENTS=''
MCA_mtl_ALL_SUBDIRS=''
MCA_mtl_DIRECT_CALL_HEADER=''
MCA_mtl_DSO_COMPONENTS=''
MCA_mtl_DSO_SUBDIRS=''
MCA_mtl_STATIC_COMPONENTS=''
MCA_mtl_STATIC_LTLIBS=''
MCA_mtl_STATIC_SUBDIRS=''
MCA_ns_ALL_COMPONENTS=''
MCA_ns_ALL_SUBDIRS=''
MCA_ns_DSO_COMPONENTS=''
MCA_ns_DSO_SUBDIRS=''
MCA_ns_STATIC_COMPONENTS=''
MCA_ns_STATIC_LTLIBS=''
MCA_ns_STATIC_SUBDIRS=''
MCA_odls_ALL_COMPONENTS=''
MCA_odls_ALL_SUBDIRS=''
MCA_odls_DSO_COMPONENTS=''
MCA_odls_DSO_SUBDIRS=''
MCA_odls_STATIC_COMPONENTS=''
MCA_odls_STATIC_LTLIBS=''
MCA_odls_STATIC_SUBDIRS=''
MCA_ompi_FRAMEWORKS=''
MCA_ompi_FRAMEWORKS_SUBDIRS=''
MCA_ompi_FRAMEWORK_COMPONENT_ALL_SUBDIRS=''
MCA_ompi_FRAMEWORK_COMPONENT_DSO_SUBDIRS=''
MCA_ompi_FRAMEWORK_COMPONENT_STATIC_SUBDIRS=''
MCA_ompi_FRAMEWORK_LIBS=''
MCA_oob_ALL_COMPONENTS=''
MCA_oob_ALL_SUBDIRS=''
MCA_oob_DSO_COMPONENTS=''
MCA_oob_DSO_SUBDIRS=''
MCA_oob_STATIC_COMPONENTS=''
MCA_oob_STATIC_LTLIBS=''
MCA_oob_STATIC_SUBDIRS=''
MCA_opal_FRAMEWORKS=''
MCA_opal_FRAMEWORKS_SUBDIRS=''
MCA_opal_FRAMEWORK_COMPONENT_ALL_SUBDIRS=''
MCA_opal_FRAMEWORK_COMPONENT_DSO_SUBDIRS=''
MCA_opal_FRAMEWORK_COMPONENT_STATIC_SUBDIRS=''
MCA_opal_FRAMEWORK_LIBS=''
MCA_orte_FRAMEWORKS=''
MCA_orte_FRAMEWORKS_SUBDIRS=''
MCA_orte_FRAMEWORK_COMPONENT_ALL_SUBDIRS=''
MCA_orte_FRAMEWORK_COMPONENT_DSO_SUBDIRS=''
MCA_orte_FRAMEWORK_COMPONENT_STATIC_SUBDIRS=''
MCA_orte_FRAMEWORK_LIBS=''
MCA_osc_ALL_COMPONENTS=''
MCA_osc_ALL_SUBDIRS=''
MCA_osc_DSO_COMPONENTS=''
MCA_osc_DSO_SUBDIRS=''
MCA_osc_STATIC_COMPONENTS=''
MCA_osc_STATIC_LTLIBS=''
MCA_osc_STATIC_SUBDIRS=''
MCA_paffinity_ALL_COMPONENTS=''
MCA_paffinity_ALL_SUBDIRS=''
MCA_paffinity_DSO_COMPONENTS=''
MCA_paffinity_DSO_SUBDIRS=''
MCA_paffinity_STATIC_COMPONENTS=''
MCA_paffinity_STATIC_LTLIBS=''
MCA_paffinity_STATIC_SUBDIRS=''
MCA_pls_ALL_COMPONENTS=''
MCA_pls_ALL_SUBDIRS=''
MCA_pls_DSO_COMPONENTS=''
MCA_pls_DSO_SUBDIRS=''
MCA_pls_STATIC_COMPONENTS=''
MCA_pls_STATIC_LTLIBS=''
MCA_pls_STATIC_SUBDIRS=''
MCA_pml_ALL_COMPONENTS=''
MCA_pml_ALL_SUBDIRS=''
MCA_pml_DIRECT_CALL_HEADER=''
MCA_pml_DSO_COMPONENTS=''
MCA_pml_DSO_SUBDIRS=''
MCA_pml_STATIC_COMPONENTS=''
MCA_pml_STATIC_LTLIBS=''
MCA_pml_STATIC_SUBDIRS=''
MCA_ras_ALL_COMPONENTS=''
MCA_ras_ALL_SUBDIRS=''
MCA_ras_DSO_COMPONENTS=''
MCA_ras_DSO_SUBDIRS=''
MCA_ras_STATIC_COMPONENTS=''
MCA_ras_STATIC_LTLIBS=''
MCA_ras_STATIC_SUBDIRS=''
MCA_rcache_ALL_COMPONENTS=''
MCA_rcache_ALL_SUBDIRS=''
MCA_rcache_DSO_COMPONENTS=''
MCA_rcache_DSO_SUBDIRS=''
MCA_rcache_STATIC_COMPONENTS=''
MCA_rcache_STATIC_LTLIBS=''
MCA_rcache_STATIC_SUBDIRS=''
MCA_rds_ALL_COMPONENTS=''
MCA_rds_ALL_SUBDIRS=''
MCA_rds_DSO_COMPONENTS=''
MCA_rds_DSO_SUBDIRS=''
MCA_rds_STATIC_COMPONENTS=''
MCA_rds_STATIC_LTLIBS=''
MCA_rds_STATIC_SUBDIRS=''
MCA_rmaps_ALL_COMPONENTS=''
MCA_rmaps_ALL_SUBDIRS=''
MCA_rmaps_DSO_COMPONENTS=''
MCA_rmaps_DSO_SUBDIRS=''
MCA_rmaps_STATIC_COMPONENTS=''
MCA_rmaps_STATIC_LTLIBS=''
MCA_rmaps_STATIC_SUBDIRS=''
MCA_rmgr_ALL_COMPONENTS=''
MCA_rmgr_ALL_SUBDIRS=''
MCA_rmgr_DSO_COMPONENTS=''
MCA_rmgr_DSO_SUBDIRS=''
MCA_rmgr_STATIC_COMPONENTS=''
MCA_rmgr_STATIC_LTLIBS=''
MCA_rmgr_STATIC_SUBDIRS=''
MCA_rml_ALL_COMPONENTS=''
MCA_rml_ALL_SUBDIRS=''
MCA_rml_DSO_COMPONENTS=''
MCA_rml_DSO_SUBDIRS=''
MCA_rml_STATIC_COMPONENTS=''
MCA_rml_STATIC_LTLIBS=''
MCA_rml_STATIC_SUBDIRS=''
MCA_schema_ALL_COMPONENTS=''
MCA_schema_ALL_SUBDIRS=''
MCA_schema_DSO_COMPONENTS=''
MCA_schema_DSO_SUBDIRS=''
MCA_schema_STATIC_COMPONENTS=''
MCA_schema_STATIC_LTLIBS=''
MCA_schema_STATIC_SUBDIRS=''
MCA_sds_ALL_COMPONENTS=''
MCA_sds_ALL_SUBDIRS=''
MCA_sds_DSO_COMPONENTS=''
MCA_sds_DSO_SUBDIRS=''
MCA_sds_STATIC_COMPONENTS=''
MCA_sds_STATIC_LTLIBS=''
MCA_sds_STATIC_SUBDIRS=''
MCA_smr_ALL_COMPONENTS=''
MCA_smr_ALL_SUBDIRS=''
MCA_smr_DSO_COMPONENTS=''
MCA_smr_DSO_SUBDIRS=''
MCA_smr_STATIC_COMPONENTS=''
MCA_smr_STATIC_LTLIBS=''
MCA_smr_STATIC_SUBDIRS=''
MCA_timer_ALL_COMPONENTS=''
MCA_timer_ALL_SUBDIRS=''
MCA_timer_DSO_COMPONENTS=''
MCA_timer_DSO_SUBDIRS=''
MCA_timer_STATIC_COMPONENTS=''
MCA_timer_STATIC_LTLIBS=''
MCA_timer_STATIC_SUBDIRS=''
MCA_topo_ALL_COMPONENTS=''
MCA_topo_ALL_SUBDIRS=''
MCA_topo_DSO_COMPONENTS=''
MCA_topo_DSO_SUBDIRS=''
MCA_topo_STATIC_COMPONENTS=''
MCA_topo_STATIC_LTLIBS=''
MCA_topo_STATIC_SUBDIRS=''
MPIF_H_PMPI_W_FUNCS=', PMPI_WTICK, PMPI_WTIME'
NM=''
OBJC=''
OBJCDEPMODE=''
OBJCFLAGS=''
OBJDUMP=''
OBJEXT=''
OMPI_ASM_FILE=''
OMPI_ASM_GSYM=''
OMPI_ASM_LSYM=''
OMPI_ASM_SUPPORT_64BIT=''
OMPI_ASM_TEXT=''
OMPI_ASM_TYPE=''
OMPI_ASSEMBLY_ARCH=''
OMPI_ASSEMBLY_FORMAT=''
OMPI_AS_GLOBAL=''
OMPI_AS_LABEL_SUFFIX=''
OMPI_BUILD_allocator_basic_DSO_FALSE=''
OMPI_BUILD_allocator_basic_DSO_TRUE=''
OMPI_BUILD_allocator_bucket_DSO_FALSE=''
OMPI_BUILD_allocator_bucket_DSO_TRUE=''
OMPI_BUILD_backtrace_darwin_DSO_FALSE=''
OMPI_BUILD_backtrace_darwin_DSO_TRUE=''
OMPI_BUILD_backtrace_execinfo_DSO_FALSE=''
OMPI_BUILD_backtrace_execinfo_DSO_TRUE=''
OMPI_BUILD_backtrace_none_DSO_FALSE=''
OMPI_BUILD_backtrace_none_DSO_TRUE=''
OMPI_BUILD_backtrace_printstack_DSO_FALSE=''
OMPI_BUILD_backtrace_printstack_DSO_TRUE=''
OMPI_BUILD_bml_r2_DSO_FALSE=''
OMPI_BUILD_bml_r2_DSO_TRUE=''
OMPI_BUILD_btl_gm_DSO_FALSE=''
OMPI_BUILD_btl_gm_DSO_TRUE=''
OMPI_BUILD_btl_mvapi_DSO_FALSE=''
OMPI_BUILD_btl_mvapi_DSO_TRUE=''
OMPI_BUILD_btl_mx_DSO_FALSE=''
OMPI_BUILD_btl_mx_DSO_TRUE=''
OMPI_BUILD_btl_openib_DSO_FALSE=''
OMPI_BUILD_btl_openib_DSO_TRUE=''
OMPI_BUILD_btl_portals_DSO_FALSE=''
OMPI_BUILD_btl_portals_DSO_TRUE=''
OMPI_BUILD_btl_self_DSO_FALSE=''
OMPI_BUILD_btl_self_DSO_TRUE=''
OMPI_BUILD_btl_sm_DSO_FALSE=''
OMPI_BUILD_btl_sm_DSO_TRUE=''
OMPI_BUILD_btl_tcp_DSO_FALSE=''
OMPI_BUILD_btl_tcp_DSO_TRUE=''
OMPI_BUILD_btl_udapl_DSO_FALSE=''
OMPI_BUILD_btl_udapl_DSO_TRUE=''
OMPI_BUILD_coll_basic_DSO_FALSE=''
OMPI_BUILD_coll_basic_DSO_TRUE=''
OMPI_BUILD_coll_self_DSO_FALSE=''
OMPI_BUILD_coll_self_DSO_TRUE=''
OMPI_BUILD_coll_sm_DSO_FALSE=''
OMPI_BUILD_coll_sm_DSO_TRUE=''
OMPI_BUILD_coll_tuned_DSO_FALSE=''
OMPI_BUILD_coll_tuned_DSO_TRUE=''
OMPI_BUILD_common_mx_DSO_FALSE=''
OMPI_BUILD_common_mx_DSO_TRUE=''
OMPI_BUILD_common_portals_DSO_FALSE=''
OMPI_BUILD_common_portals_DSO_TRUE=''
OMPI_BUILD_common_sm_DSO_FALSE=''
OMPI_BUILD_common_sm_DSO_TRUE=''
OMPI_BUILD_errmgr_bproc_DSO_FALSE=''
OMPI_BUILD_errmgr_bproc_DSO_TRUE=''
OMPI_BUILD_errmgr_hnp_DSO_FALSE=''
OMPI_BUILD_errmgr_hnp_DSO_TRUE=''
OMPI_BUILD_errmgr_orted_DSO_FALSE=''
OMPI_BUILD_errmgr_orted_DSO_TRUE=''
OMPI_BUILD_errmgr_proxy_DSO_FALSE=''
OMPI_BUILD_errmgr_proxy_DSO_TRUE=''
OMPI_BUILD_gpr_null_DSO_FALSE=''
OMPI_BUILD_gpr_null_DSO_TRUE=''
OMPI_BUILD_gpr_proxy_DSO_FALSE=''
OMPI_BUILD_gpr_proxy_DSO_TRUE=''
OMPI_BUILD_gpr_replica_DSO_FALSE=''
OMPI_BUILD_gpr_replica_DSO_TRUE=''
OMPI_BUILD_installdirs_config_DSO_FALSE=''
OMPI_BUILD_installdirs_config_DSO_TRUE=''
OMPI_BUILD_installdirs_env_DSO_FALSE=''
OMPI_BUILD_installdirs_env_DSO_TRUE=''
OMPI_BUILD_io_romio_DSO_FALSE=''
OMPI_BUILD_io_romio_DSO_TRUE=''
OMPI_BUILD_iof_proxy_DSO_FALSE=''
OMPI_BUILD_iof_proxy_DSO_TRUE=''
OMPI_BUILD_iof_svc_DSO_FALSE=''
OMPI_BUILD_iof_svc_DSO_TRUE=''
OMPI_BUILD_maffinity_first_use_DSO_FALSE=''
OMPI_BUILD_maffinity_first_use_DSO_TRUE=''
OMPI_BUILD_maffinity_libnuma_DSO_FALSE=''
OMPI_BUILD_maffinity_libnuma_DSO_TRUE=''
OMPI_BUILD_memory_darwin_DSO_FALSE=''
OMPI_BUILD_memory_darwin_DSO_TRUE=''
OMPI_BUILD_memory_malloc_hooks_DSO_FALSE=''
OMPI_BUILD_memory_malloc_hooks_DSO_TRUE=''
OMPI_BUILD_memory_ptmalloc2_DSO_FALSE=''
OMPI_BUILD_memory_ptmalloc2_DSO_TRUE=''
OMPI_BUILD_mpool_rdma_DSO_FALSE=''
OMPI_BUILD_mpool_rdma_DSO_TRUE=''
OMPI_BUILD_mpool_sm_DSO_FALSE=''
OMPI_BUILD_mpool_sm_DSO_TRUE=''
OMPI_BUILD_mtl_mx_DSO_FALSE=''
OMPI_BUILD_mtl_mx_DSO_TRUE=''
OMPI_BUILD_mtl_portals_DSO_FALSE=''
OMPI_BUILD_mtl_portals_DSO_TRUE=''
OMPI_BUILD_mtl_psm_DSO_FALSE=''
OMPI_BUILD_mtl_psm_DSO_TRUE=''
OMPI_BUILD_ns_proxy_DSO_FALSE=''
OMPI_BUILD_ns_proxy_DSO_TRUE=''
OMPI_BUILD_ns_replica_DSO_FALSE=''
OMPI_BUILD_ns_replica_DSO_TRUE=''
OMPI_BUILD_odls_bproc_DSO_FALSE=''
OMPI_BUILD_odls_bproc_DSO_TRUE=''
OMPI_BUILD_odls_default_DSO_FALSE=''
OMPI_BUILD_odls_default_DSO_TRUE=''
OMPI_BUILD_oob_tcp_DSO_FALSE=''
OMPI_BUILD_oob_tcp_DSO_TRUE=''
OMPI_BUILD_osc_pt2pt_DSO_FALSE=''
OMPI_BUILD_osc_pt2pt_DSO_TRUE=''
OMPI_BUILD_paffinity_linux_DSO_FALSE=''
OMPI_BUILD_paffinity_linux_DSO_TRUE=''
OMPI_BUILD_paffinity_solaris_DSO_FALSE=''
OMPI_BUILD_paffinity_solaris_DSO_TRUE=''
OMPI_BUILD_paffinity_windows_DSO_FALSE=''
OMPI_BUILD_paffinity_windows_DSO_TRUE=''
OMPI_BUILD_pls_bproc_DSO_FALSE=''
OMPI_BUILD_pls_bproc_DSO_TRUE=''
OMPI_BUILD_pls_cnos_DSO_FALSE=''
OMPI_BUILD_pls_cnos_DSO_TRUE=''
OMPI_BUILD_pls_gridengine_DSO_FALSE=''
OMPI_BUILD_pls_gridengine_DSO_TRUE=''
OMPI_BUILD_pls_poe_DSO_FALSE=''
OMPI_BUILD_pls_poe_DSO_TRUE=''
OMPI_BUILD_pls_proxy_DSO_FALSE=''
OMPI_BUILD_pls_proxy_DSO_TRUE=''
OMPI_BUILD_pls_rsh_DSO_FALSE=''
OMPI_BUILD_pls_rsh_DSO_TRUE=''
OMPI_BUILD_pls_slurm_DSO_FALSE=''
OMPI_BUILD_pls_slurm_DSO_TRUE=''
OMPI_BUILD_pls_tm_DSO_FALSE=''
OMPI_BUILD_pls_tm_DSO_TRUE=''
OMPI_BUILD_pls_xgrid_DSO_FALSE=''
OMPI_BUILD_pls_xgrid_DSO_TRUE=''
OMPI_BUILD_pml_cm_DSO_FALSE=''
OMPI_BUILD_pml_cm_DSO_TRUE=''
OMPI_BUILD_pml_ob1_DSO_FALSE=''
OMPI_BUILD_pml_ob1_DSO_TRUE=''
OMPI_BUILD_ras_bjs_DSO_FALSE=''
OMPI_BUILD_ras_bjs_DSO_TRUE=''
OMPI_BUILD_ras_dash_host_DSO_FALSE=''
OMPI_BUILD_ras_dash_host_DSO_TRUE=''
OMPI_BUILD_ras_gridengine_DSO_FALSE=''
OMPI_BUILD_ras_gridengine_DSO_TRUE=''
OMPI_BUILD_ras_loadleveler_DSO_FALSE=''
OMPI_BUILD_ras_loadleveler_DSO_TRUE=''
OMPI_BUILD_ras_localhost_DSO_FALSE=''
OMPI_BUILD_ras_localhost_DSO_TRUE=''
OMPI_BUILD_ras_lsf_bproc_DSO_FALSE=''
OMPI_BUILD_ras_lsf_bproc_DSO_TRUE=''
OMPI_BUILD_ras_slurm_DSO_FALSE=''
OMPI_BUILD_ras_slurm_DSO_TRUE=''
OMPI_BUILD_ras_tm_DSO_FALSE=''
OMPI_BUILD_ras_tm_DSO_TRUE=''
OMPI_BUILD_ras_xgrid_DSO_FALSE=''
OMPI_BUILD_ras_xgrid_DSO_TRUE=''
OMPI_BUILD_rcache_vma_DSO_FALSE=''
OMPI_BUILD_rcache_vma_DSO_TRUE=''
OMPI_BUILD_rds_hostfile_DSO_FALSE=''
OMPI_BUILD_rds_hostfile_DSO_TRUE=''
OMPI_BUILD_rds_proxy_DSO_FALSE=''
OMPI_BUILD_rds_proxy_DSO_TRUE=''
OMPI_BUILD_rds_resfile_DSO_FALSE=''
OMPI_BUILD_rds_resfile_DSO_TRUE=''
OMPI_BUILD_rmaps_round_robin_DSO_FALSE=''
OMPI_BUILD_rmaps_round_robin_DSO_TRUE=''
OMPI_BUILD_rmgr_cnos_DSO_FALSE=''
OMPI_BUILD_rmgr_cnos_DSO_TRUE=''
OMPI_BUILD_rmgr_proxy_DSO_FALSE=''
OMPI_BUILD_rmgr_proxy_DSO_TRUE=''
OMPI_BUILD_rmgr_urm_DSO_FALSE=''
OMPI_BUILD_rmgr_urm_DSO_TRUE=''
OMPI_BUILD_rml_cnos_DSO_FALSE=''
OMPI_BUILD_rml_cnos_DSO_TRUE=''
OMPI_BUILD_rml_oob_DSO_FALSE=''
OMPI_BUILD_rml_oob_DSO_TRUE=''
OMPI_BUILD_sds_bproc_DSO_FALSE=''
OMPI_BUILD_sds_bproc_DSO_TRUE=''
OMPI_BUILD_sds_cnos_DSO_FALSE=''
OMPI_BUILD_sds_cnos_DSO_TRUE=''
OMPI_BUILD_sds_env_DSO_FALSE=''
OMPI_BUILD_sds_env_DSO_TRUE=''
OMPI_BUILD_sds_pipe_DSO_FALSE=''
OMPI_BUILD_sds_pipe_DSO_TRUE=''
OMPI_BUILD_sds_portals_utcp_DSO_FALSE=''
OMPI_BUILD_sds_portals_utcp_DSO_TRUE=''
OMPI_BUILD_sds_seed_DSO_FALSE=''
OMPI_BUILD_sds_seed_DSO_TRUE=''
OMPI_BUILD_sds_singleton_DSO_FALSE=''
OMPI_BUILD_sds_singleton_DSO_TRUE=''
OMPI_BUILD_sds_slurm_DSO_FALSE=''
OMPI_BUILD_sds_slurm_DSO_TRUE=''
OMPI_BUILD_smr_bproc_DSO_FALSE=''
OMPI_BUILD_smr_bproc_DSO_TRUE=''
OMPI_BUILD_timer_aix_DSO_FALSE=''
OMPI_BUILD_timer_aix_DSO_TRUE=''
OMPI_BUILD_timer_altix_DSO_FALSE=''
OMPI_BUILD_timer_altix_DSO_TRUE=''
OMPI_BUILD_timer_darwin_DSO_FALSE=''
OMPI_BUILD_timer_darwin_DSO_TRUE=''
OMPI_BUILD_timer_linux_DSO_FALSE=''
OMPI_BUILD_timer_linux_DSO_TRUE=''
OMPI_BUILD_timer_solaris_DSO_FALSE=''
OMPI_BUILD_timer_solaris_DSO_TRUE=''
OMPI_BUILD_timer_windows_DSO_FALSE=''
OMPI_BUILD_timer_windows_DSO_TRUE=''
OMPI_BUILD_topo_unity_DSO_FALSE=''
OMPI_BUILD_topo_unity_DSO_TRUE=''
OMPI_CC_ABSOLUTE=''
OMPI_CONFIGURE_DATE='Mon Apr 20 21:09:23 IST 2015'
OMPI_CONFIGURE_HOST='mint-hsh'
OMPI_CONFIGURE_USER='nirant'
OMPI_CXX_ABSOLUTE=''
OMPI_F77_ABSOLUTE=''
OMPI_F90_ABSOLUTE=''
OMPI_F90_BUILD_SIZE='small'
OMPI_F90_CKINDS=''
OMPI_F90_EXTRA_SHARED_LIBRARY_FLAGS=''
OMPI_F90_IKINDS=''
OMPI_F90_RKINDS=''
OMPI_FC_MODULE_FLAG=''
OMPI_FORTRAN_MAX_ARRAY_RANK='4'
OMPI_GREEK_VERSION=''
OMPI_HAVE_ASM_FILE_FALSE=''
OMPI_HAVE_ASM_FILE_TRUE=''
OMPI_HAVE_POSIX_THREADS_FALSE=''
OMPI_HAVE_POSIX_THREADS_TRUE=''
OMPI_HAVE_SOLARIS_THREADS_FALSE=''
OMPI_HAVE_SOLARIS_THREADS_TRUE=''
OMPI_INSTALL_BINARIES_FALSE='#'
OMPI_INSTALL_BINARIES_TRUE=''
OMPI_LIBEVENT_SOURCES=''
OMPI_MAJOR_VERSION='1'
OMPI_MINOR_VERSION='2'
OMPI_MPI_ADDRESS_KIND=''
OMPI_MPI_INTEGER_KIND=''
OMPI_MPI_OFFSET_KIND=''
OMPI_NEED_WINDOWS_REPLACEMENTS_FALSE=''
OMPI_NEED_WINDOWS_REPLACEMENTS_TRUE=''
OMPI_RELEASE_VERSION='4'
OMPI_SIZEOF_F90_COMPLEX16=''
OMPI_SIZEOF_F90_COMPLEX32=''
OMPI_SIZEOF_F90_COMPLEX8=''
OMPI_SIZEOF_F90_COMPLEX=''
OMPI_SIZEOF_F90_DOUBLE_COMPLEX=''
OMPI_SIZEOF_F90_DOUBLE_PRECISION=''
OMPI_SIZEOF_F90_INTEGER16=''
OMPI_SIZEOF_F90_INTEGER1=''
OMPI_SIZEOF_F90_INTEGER2=''
OMPI_SIZEOF_F90_INTEGER4=''
OMPI_SIZEOF_F90_INTEGER8=''
OMPI_SIZEOF_F90_INTEGER=''
OMPI_SIZEOF_F90_LOGICAL=''
OMPI_SIZEOF_F90_REAL16=''
OMPI_SIZEOF_F90_REAL4=''
OMPI_SIZEOF_F90_REAL8=''
OMPI_SIZEOF_F90_REAL=''
OMPI_SVN_R='r16187'
OMPI_TOP_BUILDDIR='/home/nirant/adm-workspace/openmpi-1.2.4'
OMPI_TOP_SRCDIR='/home/nirant/adm-workspace/openmpi-1.2.4'
OMPI_VERSION='1.2.4'
OMPI_WANT_BUILD_F90_LARGE_FALSE=''
OMPI_WANT_BUILD_F90_LARGE_TRUE='#'
OMPI_WANT_BUILD_F90_MEDIUM_FALSE=''
OMPI_WANT_BUILD_F90_MEDIUM_TRUE='#'
OMPI_WANT_BUILD_F90_SMALL_FALSE='#'
OMPI_WANT_BUILD_F90_SMALL_TRUE=''
OMPI_WANT_BUILD_F90_TRIVIAL_FALSE=''
OMPI_WANT_BUILD_F90_TRIVIAL_TRUE='#'
OMPI_WANT_F77_BINDINGS_FALSE=''
OMPI_WANT_F77_BINDINGS_TRUE=''
OMPI_WANT_F90_BINDINGS_FALSE=''
OMPI_WANT_F90_BINDINGS_TRUE=''
OMPI_WANT_SVN='0'
OMPI_WRAPPER_CXX_LIB=''
OMPI_WRAPPER_CXX_REQUIRED_FILE=''
OMPI_WRAPPER_EXTRA_CFLAGS=''
OMPI_WRAPPER_EXTRA_CPPFLAGS=''
OMPI_WRAPPER_EXTRA_CXXFLAGS=''
OMPI_WRAPPER_EXTRA_FCFLAGS=''
OMPI_WRAPPER_EXTRA_FFLAGS=''
OMPI_WRAPPER_EXTRA_INCLUDES=''
OMPI_WRAPPER_EXTRA_LDFLAGS=''
OMPI_WRAPPER_EXTRA_LIBS=''
OMPI_WRAPPER_F77_REQUIRED_FILE=''
OMPI_WRAPPER_F90_REQUIRED_FILE=''
OPAL_BINDIR=''
OPAL_DATADIR=''
OPAL_DATAROOTDIR=''
OPAL_EXEC_PREFIX=''
OPAL_GREEK_VERSION=''
OPAL_INCLUDEDIR=''
OPAL_INFODIR=''
OPAL_LIBDIR=''
OPAL_LIBEXECDIR=''
OPAL_LOCALSTATEDIR=''
OPAL_LTDL_CPPFLAGS=''
OPAL_MAJOR_VERSION='1'
OPAL_MANDIR=''
OPAL_MINOR_VERSION='2'
OPAL_PREFIX=''
OPAL_RELEASE_VERSION='4'
OPAL_SBINDIR=''
OPAL_SHAREDSTATEDIR=''
OPAL_SVN_R='r16187'
OPAL_SYSCONFDIR=''
OPAL_VERSION='1.2.4'
OPAL_WANT_SVN='0'
OPAL_WRAPPER_EXTRA_CFLAGS=''
OPAL_WRAPPER_EXTRA_CPPFLAGS=''
OPAL_WRAPPER_EXTRA_CXXFLAGS=''
OPAL_WRAPPER_EXTRA_INCLUDES=''
OPAL_WRAPPER_EXTRA_LDFLAGS=''
OPAL_WRAPPER_EXTRA_LIBS=''
ORTE_GREEK_VERSION=''
ORTE_MAJOR_VERSION='1'
ORTE_MINOR_VERSION='2'
ORTE_RELEASE_VERSION='4'
ORTE_SVN_R='r16187'
ORTE_VERSION='1.2.4'
ORTE_WANT_SVN='0'
ORTE_WRAPPER_EXTRA_CFLAGS=''
ORTE_WRAPPER_EXTRA_CPPFLAGS=''
ORTE_WRAPPER_EXTRA_CXXFLAGS=''
ORTE_WRAPPER_EXTRA_INCLUDES=''
ORTE_WRAPPER_EXTRA_LDFLAGS=''
ORTE_WRAPPER_EXTRA_LIBS=''
PACKAGE='openmpi'
PACKAGE_BUGREPORT='http://www.open-mpi.org/community/help/'
PACKAGE_NAME='Open MPI'
PACKAGE_STRING='Open MPI 1.2.4'
PACKAGE_TARNAME='openmpi'
PACKAGE_VERSION='1.2.4'
PATH_SEPARATOR=':'
PERL=''
RANLIB=''
SED=''
SET_MAKE=''
SHELL='/bin/bash'
STRIP=''
TOTALVIEW_DEBUG_FLAGS=''
VERSION='1.2.4'
WANT_DEPRECATED_EXECUTABLE_NAMES_FALSE=''
WANT_DEPRECATED_EXECUTABLE_NAMES_TRUE='#'
WANT_INSTALL_HEADERS_FALSE=''
WANT_INSTALL_HEADERS_TRUE='#'
WANT_LIBLTDL_FALSE=''
WANT_LIBLTDL_TRUE=''
WANT_MPI_BINDINGS_LAYER_FALSE=''
WANT_MPI_BINDINGS_LAYER_TRUE=''
WANT_MPI_CXX_BINDINGS_FALSE=''
WANT_MPI_CXX_BINDINGS_TRUE=''
WANT_MPI_F77_BINDINGS_LAYER_FALSE=''
WANT_MPI_F77_BINDINGS_LAYER_TRUE=''
WANT_PERUSE_FALSE=''
WANT_PERUSE_TRUE='#'
WANT_PMPI_BINDINGS_LAYER_FALSE=''
WANT_PMPI_BINDINGS_LAYER_TRUE=''
WANT_PMPI_F77_BINDINGS_LAYER_FALSE=''
WANT_PMPI_F77_BINDINGS_LAYER_TRUE=''
WRAPPER_EXTRA_CFLAGS=''
WRAPPER_EXTRA_CXXFLAGS=''
WRAPPER_EXTRA_FCFLAGS=''
WRAPPER_EXTRA_FFLAGS=''
WRAPPER_EXTRA_LDFLAGS=''
WRAPPER_EXTRA_LIBS=''
ac_ct_CC='/home/joe/local/bin/gcc'
ac_ct_CXX=''
ac_ct_DUMPBIN=''
ac_ct_F77=''
ac_ct_FC=''
ac_ct_OBJC=''
ac_prefix_program=''
am__fastdepCCAS_FALSE=''
am__fastdepCCAS_TRUE=''
am__fastdepCC_FALSE=''
am__fastdepCC_TRUE=''
am__fastdepCXX_FALSE=''
am__fastdepCXX_TRUE=''
am__fastdepOBJC_FALSE=''
am__fastdepOBJC_TRUE=''
am__include='include'
am__isrc=''
am__leading_dot='.'
am__quote=''
am__tar='${AMTAR} chof - "$$tardir"'
am__untar='${AMTAR} xf -'
backtrace_darwin_CFLAGS=''
bindir='${exec_prefix}/bin'
btl_gm_CFLAGS=''
btl_gm_CPPFLAGS=''
btl_gm_LDFLAGS=''
btl_gm_LIBS=''
btl_mvapi_CFLAGS=''
btl_mvapi_CPPFLAGS=''
btl_mvapi_LDFLAGS=''
btl_mvapi_LIBS=''
btl_mx_CFLAGS=''
btl_mx_CPPFLAGS=''
btl_mx_LDFLAGS=''
btl_mx_LIBS=''
btl_openib_CFLAGS=''
btl_openib_CPPFLAGS=''
btl_openib_LDFLAGS=''
btl_openib_LIBS=''
btl_portals_CPPFLAGS=''
btl_portals_LDFLAGS=''
btl_portals_LIBS=''
btl_udapl_CFLAGS=''
btl_udapl_CPPFLAGS=''
btl_udapl_LDFLAGS=''
btl_udapl_LIBS=''
build='x86_64-unknown-linux-gnu'
build_alias=''
build_cpu='x86_64'
build_os='linux-gnu'
build_vendor='unknown'
common_mx_CFLAGS=''
common_mx_CPPFLAGS=''
common_mx_LDFLAGS=''
common_mx_LIBS=''
common_portals_CPPFLAGS=''
common_portals_LDFLAGS=''
common_portals_LIBS=''
datadir='${datarootdir}'
datarootdir='${prefix}/share'
docdir='${datarootdir}/doc/${PACKAGE_TARNAME}'
dvidir='${docdir}'
errmgr_bproc_CPPFLAGS=''
errmgr_bproc_LDFLAGS=''
errmgr_bproc_LIBS=''
exec_prefix='NONE'
host='x86_64-unknown-linux-gnu'
host_alias=''
host_cpu='x86_64'
host_os='linux-gnu'
host_vendor='unknown'
htmldir='${docdir}'
includedir='${prefix}/include'
infodir='${datarootdir}/info'
install_sh='$(SHELL) /home/nirant/adm-workspace/openmpi-1.2.4/config/install-sh'
libdir='${exec_prefix}/lib'
libexecdir='${exec_prefix}/libexec'
localedir='${datarootdir}/locale'
localstatedir='${prefix}/var'
lt_ECHO='echo'
maffinity_libnuma_CPPFLAGS=''
maffinity_libnuma_LDFLAGS=''
maffinity_libnuma_LIBS=''
mandir='${datarootdir}/man'
memory_malloc_hooks_LIBS=''
memory_ptmalloc2_LIBS=''
mkdir_p='/bin/mkdir -p'
mtl_mx_CFLAGS=''
mtl_mx_CPPFLAGS=''
mtl_mx_LDFLAGS=''
mtl_mx_LIBS=''
mtl_portals_CPPFLAGS=''
mtl_portals_LDFLAGS=''
mtl_portals_LIBS=''
mtl_psm_CFLAGS=''
mtl_psm_CPPFLAGS=''
mtl_psm_LDFLAGS=''
mtl_psm_LIBS=''
odls_bproc_CPPFLAGS=''
odls_bproc_LDFLAGS=''
odls_bproc_LIBS=''
oldincludedir='/usr/include'
pdfdir='${docdir}'
pls_bproc_CPPFLAGS=''
pls_bproc_LDFLAGS=''
pls_bproc_LIBS=''
pls_slurm_CPPFLAGS=''
pls_slurm_LDFLAGS=''
pls_slurm_LIBS=''
pls_tm_CPPFLAGS=''
pls_tm_LDFLAGS=''
pls_tm_LIBS=''
pls_xgrid_LDFLAGS=''
pls_xgrid_OBJCFLAGS=''
prefix='/home/joe/local'
program_transform_name='s,x,x,'
psdir='${docdir}'
ras_bjs_CPPFLAGS=''
ras_bjs_LDFLAGS=''
ras_bjs_LIBS=''
ras_loadleveler_CPPFLAGS=''
ras_loadleveler_LDFLAGS=''
ras_loadleveler_LIBS=''
ras_lsf_bproc_CPPFLAGS=''
ras_lsf_bproc_LDFLAGS=''
ras_lsf_bproc_LIBS=''
ras_slurm_CPPFLAGS=''
ras_slurm_LDFLAGS=''
ras_slurm_LIBS=''
ras_tm_CPPFLAGS=''
ras_tm_LDFLAGS=''
ras_tm_LIBS=''
sbindir='${exec_prefix}/sbin'
sds_bproc_CPPFLAGS=''
sds_bproc_LDFLAGS=''
sds_bproc_LIBS=''
sds_portals_utcp_CPPFLAGS=''
sds_portals_utcp_LDFLAGS=''
sds_portals_utcp_LIBS=''
sds_slurm_CPPFLAGS=''
sds_slurm_LDFLAGS=''
sds_slurm_LIBS=''
sharedstatedir='${prefix}/com'
smr_bproc_CPPFLAGS=''
smr_bproc_LDFLAGS=''
smr_bproc_LIBS=''
sysconfdir='${prefix}/etc'
target_alias=''
timer_aix_LIBS=''
top_ompi_builddir='/home/nirant/adm-workspace/openmpi-1.2.4'
top_ompi_srcdir='/home/nirant/adm-workspace/openmpi-1.2.4'

## ----------- ##
## confdefs.h. ##
## ----------- ##

#define PACKAGE_NAME "Open MPI"
#define PACKAGE_TARNAME "openmpi"
#define PACKAGE_VERSION "1.2.4"
#define PACKAGE_STRING "Open MPI 1.2.4"
#define PACKAGE_BUGREPORT "http://www.open-mpi.org/community/help/"
#define OMPI_MAJOR_VERSION 1
#define OMPI_MINOR_VERSION 2
#define OMPI_RELEASE_VERSION 4
#define OMPI_GREEK_VERSION ""
#define OMPI_VERSION "4"
#define ORTE_MAJOR_VERSION 1
#define ORTE_MINOR_VERSION 2
#define ORTE_RELEASE_VERSION 4
#define ORTE_GREEK_VERSION ""
#define ORTE_VERSION "4"
#define OPAL_MAJOR_VERSION 1
#define OPAL_MINOR_VERSION 2
#define OPAL_RELEASE_VERSION 4
#define OPAL_GREEK_VERSION ""
#define OPAL_VERSION "4"
#define OMPI_ARCH "x86_64-unknown-linux-gnu"
#define OMPI_ENABLE_MEM_DEBUG 0
#define OMPI_ENABLE_MEM_PROFILE 0
#define OMPI_ENABLE_DEBUG 0
#define OMPI_WANT_MPI_CXX_SEEK 1
#define MPI_PARAM_CHECK ompi_mpi_param_check
#define OMPI_WANT_PRETTY_PRINT_STACKTRACE 1
#define OMPI_WANT_PERUSE 0
#define OMPI_ENABLE_PTY_SUPPORT 1
#define OMPI_ENABLE_HETEROGENEOUS_SUPPORT 1
#define OPAL_ENABLE_TRACE 0
#define OPAL_ENABLE_IPV6 1
#define ORTE_WANT_ORTERUN_PREFIX_BY_DEFAULT 1

configure: exit 77
